{"uuid":"e9b380fc-2742-4969-8e25-dfc5b97ce328","historyId":"5ce569189dcd32253d90040a505d4ef0","fullName":"com.thetestingacademy.Google.googlesaga","labels":[{"name":"package","value":"com.thetestingacademy.Google"},{"name":"testClass","value":"com.thetestingacademy.Google"},{"name":"testMethod","value":"googlesaga"},{"name":"parentSuite","value":"Default Suite"},{"name":"suite","value":"VWOLoginAutomationSelenium"},{"name":"subSuite","value":"com.thetestingacademy.Google"},{"name":"host","value":"PC-Sagar-Mohite"},{"name":"thread","value":"17696@PC-Sagar-Mohite.main(1)"},{"name":"framework","value":"testng"},{"name":"language","value":"java"}],"links":[],"name":"googlesaga","status":"broken","statusDetails":{"known":false,"muted":false,"flaky":false,"message":"Unable to obtain: Capabilities {browserName: chrome, goog:chromeOptions: {args: [--remote-allow-origins=*], extensions: []}}","trace":"org.openqa.selenium.remote.NoSuchDriverException: Unable to obtain: Capabilities {browserName: chrome, goog:chromeOptions: {args: [--remote-allow-origins=*], extensions: []}}\r\n\tat org.openqa.selenium.remote.service.DriverFinder.getPath(DriverFinder.java:29)\r\n\tat org.openqa.selenium.chrome.ChromeDriver.generateExecutor(ChromeDriver.java:98)\r\n\tat org.openqa.selenium.chrome.ChromeDriver.<init>(ChromeDriver.java:87)\r\n\tat org.openqa.selenium.chrome.ChromeDriver.<init>(ChromeDriver.java:82)\r\n\tat org.openqa.selenium.chrome.ChromeDriver.<init>(ChromeDriver.java:50)\r\n\tat com.thetestingacademy.Google.googlesaga(Google.java:12)\r\n\tat java.base/jdk.internal.reflect.DirectMethodHandleAccessor.invoke(DirectMethodHandleAccessor.java:104)\r\n\tat java.base/java.lang.reflect.Method.invoke(Method.java:578)\r\n\tat org.testng.internal.invokers.MethodInvocationHelper.invokeMethod(MethodInvocationHelper.java:139)\r\n\tat org.testng.internal.invokers.TestInvoker.invokeMethod(TestInvoker.java:677)\r\n\tat org.testng.internal.invokers.TestInvoker.invokeTestMethod(TestInvoker.java:221)\r\n\tat org.testng.internal.invokers.MethodRunner.runInSequence(MethodRunner.java:50)\r\n\tat org.testng.internal.invokers.TestInvoker$MethodInvocationAgent.invoke(TestInvoker.java:962)\r\n\tat org.testng.internal.invokers.TestInvoker.invokeTestMethods(TestInvoker.java:194)\r\n\tat org.testng.internal.invokers.TestMethodWorker.invokeTestMethods(TestMethodWorker.java:148)\r\n\tat org.testng.internal.invokers.TestMethodWorker.run(TestMethodWorker.java:128)\r\n\tat java.base/java.util.ArrayList.forEach(ArrayList.java:1511)\r\n\tat org.testng.TestRunner.privateRun(TestRunner.java:806)\r\n\tat org.testng.TestRunner.run(TestRunner.java:601)\r\n\tat org.testng.SuiteRunner.runTest(SuiteRunner.java:433)\r\n\tat org.testng.SuiteRunner.runSequentially(SuiteRunner.java:427)\r\n\tat org.testng.SuiteRunner.privateRun(SuiteRunner.java:387)\r\n\tat org.testng.SuiteRunner.run(SuiteRunner.java:330)\r\n\tat org.testng.SuiteRunnerWorker.runSuite(SuiteRunnerWorker.java:52)\r\n\tat org.testng.SuiteRunnerWorker.run(SuiteRunnerWorker.java:95)\r\n\tat org.testng.TestNG.runSuitesSequentially(TestNG.java:1256)\r\n\tat org.testng.TestNG.runSuitesLocally(TestNG.java:1176)\r\n\tat org.testng.TestNG.runSuites(TestNG.java:1099)\r\n\tat org.testng.TestNG.run(TestNG.java:1067)\r\n\tat com.intellij.rt.testng.IDEARemoteTestNG.run(IDEARemoteTestNG.java:65)\r\n\tat com.intellij.rt.testng.RemoteTestNGStarter.main(RemoteTestNGStarter.java:105)\r\nCaused by: org.openqa.selenium.WebDriverException: Unsuccessful command executed: [C:\\Users\\sagar\\AppData\\Local\\Temp\\selenium-manager521822854029300682124428178264959\\selenium-manager.exe, --browser, chrome, --output, json]\nThe chromedriver version cannot be discovered\nBuild info: version: '4.10.0', revision: 'c14d967899'\nSystem info: os.name: 'Windows 10', os.arch: 'amd64', os.version: '10.0', java.version: '19.0.2'\nDriver info: driver.version: ChromeDriver\r\n\tat org.openqa.selenium.manager.SeleniumManager.runCommand(SeleniumManager.java:130)\r\n\tat org.openqa.selenium.manager.SeleniumManager.getDriverPath(SeleniumManager.java:251)\r\n\tat org.openqa.selenium.remote.service.DriverFinder.getPath(DriverFinder.java:27)\r\n\t... 30 more\r\n"},"stage":"finished","steps":[],"attachments":[],"parameters":[],"start":1753604495967,"stop":1753604510833}